<?xml version="1.0" encoding="UTF-8"?>
<testng-results ignored="0" total="2" passed="2" failed="0" skipped="0">
  <reporter-output>
  </reporter-output>
  <suite started-at="2025-10-10T11:00:06 IST" name="Suite" finished-at="2025-10-10T11:00:19 IST" duration-ms="12917">
    <groups>
    </groups>
    <test started-at="2025-10-10T11:00:06 IST" name="Test1" finished-at="2025-10-10T11:00:19 IST" duration-ms="12917">
      <class name="demoTest.Demo4Test">
        <test-method signature="case4()[pri:0, instance:demoTest.Demo4Test@33d512c1]" started-at="2025-10-10T11:00:06 IST" name="case4" finished-at="2025-10-10T11:00:19 IST" duration-ms="12857" status="PASS">
          <reporter-output>
          </reporter-output>
        </test-method> <!-- case4 -->
      </class> <!-- demoTest.Demo4Test -->
    </test> <!-- Test1 -->
    <test started-at="2025-10-10T11:00:06 IST" name="Test2" finished-at="2025-10-10T11:00:19 IST" duration-ms="12917">
      <class name="demoTest.Demo5Test">
        <test-method signature="case5()[pri:0, instance:demoTest.Demo5Test@24269709]" started-at="2025-10-10T11:00:06 IST" name="case5" finished-at="2025-10-10T11:00:19 IST" duration-ms="12857" status="PASS">
          <reporter-output>
          </reporter-output>
        </test-method> <!-- case5 -->
      </class> <!-- demoTest.Demo5Test -->
    </test> <!-- Test2 -->
  </suite> <!-- Suite -->
</testng-results>
